<?xml version="1.0" encoding="UTF-8"?>
<!-- Generated by org.testng.reporters.JUnitXMLReporter -->
<testsuite hostname="ROB-PC" name="Default test" tests="1" failures="0" timestamp="29 Mar 2020 23:52:42 GMT" time="44.282" errors="0">
  <testcase name="@BeforeMethod setUp" time="0.0" classname="com.crm.qa.testcases.HomePageTest">
    <failure type="java.lang.StackOverflowError">
      <![CDATA[java.lang.StackOverflowError
	at java.nio.CharBuffer.wrap(Unknown Source)
	at sun.nio.cs.StreamEncoder.implWrite(Unknown Source)
	at sun.nio.cs.StreamEncoder.write(Unknown Source)
	at java.io.OutputStreamWriter.write(Unknown Source)
	at java.io.BufferedWriter.flushBuffer(Unknown Source)
	at java.io.PrintStream.write(Unknown Source)
	at java.io.PrintStream.print(Unknown Source)
	at java.io.PrintStream.println(Unknown Source)
	at com.crm.qa.util.WebEventListener.onException(WebEventListener.java:56)
	at sun.reflect.GeneratedMethodAccessor1.invoke(Unknown Source)
	at sun.reflect.DelegatingMethodAccessorImpl.invoke(Unknown Source)
	at java.lang.reflect.Method.invoke(Unknown Source)
	at org.openqa.selenium.support.events.EventFiringWebDriver.lambda$new$0(EventFiringWebDriver.java:84)
	at com.sun.proxy.$Proxy5.onException(Unknown Source)
	at org.openqa.selenium.support.events.EventFiringWebDriver.lambda$new$1(EventFiringWebDriver.java:107)
	at com.sun.proxy.$Proxy6.getScreenshotAs(Unknown Source)
	at org.openqa.selenium.support.events.EventFiringWebDriver.getScreenshotAs(EventFiringWebDriver.java:302)
	at com.crm.qa.util.TestUtil.takeScreenshotAtEndOfTest(TestUtil.java:22)
	at com.crm.qa.util.WebEventListener.onException(WebEventListener.java:58)
	at sun.reflect.GeneratedMethodAccessor1.invoke(Unknown Source)
	at sun.reflect.DelegatingMethodAccessorImpl.invoke(Unknown Source)
	at java.lang.reflect.Method.invoke(Unknown Source)
	at org.openqa.selenium.support.events.EventFiringWebDriver.lambda$new$0(EventFiringWebDriver.java:84)
	at com.sun.proxy.$Proxy5.onException(Unknown Source)
	at org.openqa.selenium.support.events.EventFiringWebDriver.lambda$new$1(EventFiringWebDriver.java:107)
	at com.sun.proxy.$Proxy6.getScreenshotAs(Unknown Source)
	at org.openqa.selenium.support.events.EventFiringWebDriver.getScreenshotAs(EventFiringWebDriver.java:302)
	at com.crm.qa.util.TestUtil.takeScreenshotAtEndOfTest(TestUtil.java:22)
	at com.crm.qa.util.WebEventListener.onException(WebEventListener.java:58)
	at sun.reflect.GeneratedMethodAccessor1.invoke(Unknown Source)
	at sun.reflect.DelegatingMethodAccessorImpl.invoke(Unknown Source)
	at java.lang.reflect.Method.invoke(Unknown Source)
	at org.openqa.selenium.support.events.EventFiringWebDriver.lambda$new$0(EventFiringWebDriver.java:84)
	at com.sun.proxy.$Proxy5.onException(Unknown Source)
	at org.openqa.selenium.support.events.EventFiringWebDriver.lambda$new$1(EventFiringWebDriver.java:107)
	at com.sun.proxy.$Proxy6.getScreenshotAs(Unknown Source)
	at org.openqa.selenium.support.events.EventFiringWebDriver.getScreenshotAs(EventFiringWebDriver.java:302)
	at com.crm.qa.util.TestUtil.takeScreenshotAtEndOfTest(TestUtil.java:22)
	at com.crm.qa.util.WebEventListener.onException(WebEventListener.java:58)
	at sun.reflect.GeneratedMethodAccessor1.invoke(Unknown Source)
	at sun.reflect.DelegatingMethodAccessorImpl.invoke(Unknown Source)
	at java.lang.reflect.Method.invoke(Unknown Source)
	at org.openqa.selenium.support.events.EventFiringWebDriver.lambda$new$0(EventFiringWebDriver.java:84)
	at com.sun.proxy.$Proxy5.onException(Unknown Source)
	at org.openqa.selenium.support.events.EventFiringWebDriver.lambda$new$1(EventFiringWebDriver.java:107)
	at com.sun.proxy.$Proxy6.getScreenshotAs(Unknown Source)
	at org.openqa.selenium.support.events.EventFiringWebDriver.getScreenshotAs(EventFiringWebDriver.java:302)
	at com.crm.qa.util.TestUtil.takeScreenshotAtEndOfTest(TestUtil.java:22)
	at com.crm.qa.util.WebEventListener.onException(WebEventListener.java:58)
	at sun.reflect.GeneratedMethodAccessor1.invoke(Unknown Source)
	at sun.reflect.DelegatingMethodAccessorImpl.invoke(Unknown Source)
	at java.lang.reflect.Method.invoke(Unknown Source)
	at org.openqa.selenium.support.events.EventFiringWebDriver.lambda$new$0(EventFiringWebDriver.java:84)
	at com.sun.proxy.$Proxy5.onException(Unknown Source)
	at org.openqa.selenium.support.events.EventFiringWebDriver.lambda$new$1(EventFiringWebDriver.java:107)
	at com.sun.proxy.$Proxy6.getScreenshotAs(Unknown Source)
	at org.openqa.selenium.support.events.EventFiringWebDriver.getScreenshotAs(EventFiringWebDriver.java:302)
	at com.crm.qa.util.TestUtil.takeScreenshotAtEndOfTest(TestUtil.java:22)
	at com.crm.qa.util.WebEventListener.onException(WebEventListener.java:58)
	at sun.reflect.GeneratedMethodAccessor1.invoke(Unknown Source)
	at sun.reflect.DelegatingMethodAccessorImpl.invoke(Unknown Source)
	at java.lang.reflect.Method.invoke(Unknown Source)
	at org.openqa.selenium.support.events.EventFiringWebDriver.lambda$new$0(EventFiringWebDriver.java:84)
	at com.sun.proxy.$Proxy5.onException(Unknown Source)
	at org.openqa.selenium.support.events.EventFiringWebDriver.lambda$new$1(EventFiringWebDriver.java:107)
	at com.sun.proxy.$Proxy6.getScreenshotAs(Unknown Source)
	at org.openqa.selenium.support.events.EventFiringWebDriver.getScreenshotAs(EventFiringWebDriver.java:302)
	at com.crm.qa.util.TestUtil.takeScreenshotAtEndOfTest(TestUtil.java:22)
	at com.crm.qa.util.WebEventListener.onException(WebEventListener.java:58)
	at sun.reflect.GeneratedMethodAccessor1.invoke(Unknown Source)
	at sun.reflect.DelegatingMethodAccessorImpl.invoke(Unknown Source)
	at java.lang.reflect.Method.invoke(Unknown Source)
	at org.openqa.selenium.support.events.EventFiringWebDriver.lambda$new$0(EventFiringWebDriver.java:84)
	at com.sun.proxy.$Proxy5.onException(Unknown Source)
	at org.openqa.selenium.support.events.EventFiringWebDriver.lambda$new$1(EventFiringWebDriver.java:107)
	at com.sun.proxy.$Proxy6.getScreenshotAs(Unknown Source)
	at org.openqa.selenium.support.events.EventFiringWebDriver.getScreenshotAs(EventFiringWebDriver.java:302)
	at com.crm.qa.util.TestUtil.takeScreenshotAtEndOfTest(TestUtil.java:22)
	at com.crm.qa.util.WebEventListener.onException(WebEventListener.java:58)
	at sun.reflect.GeneratedMethodAccessor1.invoke(Unknown Source)
	at sun.reflect.DelegatingMethodAccessorImpl.invoke(Unknown Source)
	at java.lang.reflect.Method.invoke(Unknown Source)
	at org.openqa.selenium.support.events.EventFiringWebDriver.lambda$new$0(EventFiringWebDriver.java:84)
	at com.sun.proxy.$Proxy5.onException(Unknown Source)
	at org.openqa.selenium.support.events.EventFiringWebDriver.lambda$new$1(EventFiringWebDriver.java:107)
	at com.sun.proxy.$Proxy6.getScreenshotAs(Unknown Source)
	at org.openqa.selenium.support.events.EventFiringWebDriver.getScreenshotAs(EventFiringWebDriver.java:302)
	at com.crm.qa.util.TestUtil.takeScreenshotAtEndOfTest(TestUtil.java:22)
	at com.crm.qa.util.WebEventListener.onException(WebEventListener.java:58)
	at sun.reflect.GeneratedMethodAccessor1.invoke(Unknown Source)
	at sun.reflect.DelegatingMethodAccessorImpl.invoke(Unknown Source)
	at java.lang.reflect.Method.invoke(Unknown Source)
	at org.openqa.selenium.support.events.EventFiringWebDriver.lambda$new$0(EventFiringWebDriver.java:84)
	at com.sun.proxy.$Proxy5.onException(Unknown Source)
	at org.openqa.selenium.support.events.EventFiringWebDriver.lambda$new$1(EventFiringWebDriver.java:107)
	at com.sun.proxy.$Proxy6.getScreenshotAs(Unknown Source)
	at org.openqa.selenium.support.events.EventFiringWebDriver.getScreenshotAs(EventFiringWebDriver.java:302)
	at com.crm.qa.util.TestUtil.takeScreenshotAtEndOfTest(TestUtil.java:22)
	at com.crm.qa.util.WebEventListener.onException(WebEventListener.java:58)
	at sun.reflect.GeneratedMethodAccessor1.invoke(Unknown Source)
	at sun.reflect.DelegatingMethodAccessorImpl.invoke(Unknown Source)
	at java.lang.reflect.Method.invoke(Unknown Source)
	at org.openqa.selenium.support.events.EventFiringWebDriver.lambda$new$0(EventFiringWebDriver.java:84)
	at com.sun.proxy.$Proxy5.onException(Unknown Source)
	at org.openqa.selenium.support.events.EventFiringWebDriver.lambda$new$1(EventFiringWebDriver.java:107)
	at com.sun.proxy.$Proxy6.getScreenshotAs(Unknown Source)
	at org.openqa.selenium.support.events.EventFiringWebDriver.getScreenshotAs(EventFiringWebDriver.java:302)
	at com.crm.qa.util.TestUtil.takeScreenshotAtEndOfTest(TestUtil.java:22)
	at com.crm.qa.util.WebEventListener.onException(WebEventListener.java:58)
	at sun.reflect.GeneratedMethodAccessor1.invoke(Unknown Source)
	at sun.reflect.DelegatingMethodAccessorImpl.invoke(Unknown Source)
	at java.lang.reflect.Method.invoke(Unknown Source)
	at org.openqa.selenium.support.events.EventFiringWebDriver.lambda$new$0(EventFiringWebDriver.java:84)
	at com.sun.proxy.$Proxy5.onException(Unknown Source)
	at org.openqa.selenium.support.events.EventFiringWebDriver.lambda$new$1(EventFiringWebDriver.java:107)
	at com.sun.proxy.$Proxy6.getScreenshotAs(Unknown Source)
	at org.openqa.selenium.support.events.EventFiringWebDriver.getScreenshotAs(EventFiringWebDriver.java:302)
	at com.crm.qa.util.TestUtil.takeScreenshotAtEndOfTest(TestUtil.java:22)
	at com.crm.qa.util.WebEventListener.onException(WebEventListener.java:58)
	at sun.reflect.GeneratedMethodAccessor1.invoke(Unknown Source)
	at sun.reflect.DelegatingMethodAccessorImpl.invoke(Unknown Source)
	at java.lang.reflect.Method.invoke(Unknown Source)
	at org.openqa.selenium.support.events.EventFiringWebDriver.lambda$new$0(EventFiringWebDriver.java:84)
	at com.sun.proxy.$Proxy5.onException(Unknown Source)
	at org.openqa.selenium.support.events.EventFiringWebDriver.lambda$new$1(EventFiringWebDriver.java:107)
	at com.sun.proxy.$Proxy6.getScreenshotAs(Unknown Source)
	at org.openqa.selenium.support.events.EventFiringWebDriver.getScreenshotAs(EventFiringWebDriver.java:302)
	at com.crm.qa.util.TestUtil.takeScreenshotAtEndOfTest(TestUtil.java:22)
	at com.crm.qa.util.WebEventListener.onException(WebEventListener.java:58)
	at sun.reflect.GeneratedMethodAccessor1.invoke(Unknown Source)
	at sun.reflect.DelegatingMethodAccessorImpl.invoke(Unknown Source)
	at java.lang.reflect.Method.invoke(Unknown Source)
	at org.openqa.selenium.support.events.EventFiringWebDriver.lambda$new$0(EventFiringWebDriver.java:84)
	at com.sun.proxy.$Proxy5.onException(Unknown Source)
	at org.openqa.selenium.support.events.EventFiringWebDriver.lambda$new$1(EventFiringWebDriver.java:107)
	at com.sun.proxy.$Proxy6.getScreenshotAs(Unknown Source)
	at org.openqa.selenium.support.events.EventFiringWebDriver.getScreenshotAs(EventFiringWebDriver.java:302)
	at com.crm.qa.util.TestUtil.takeScreenshotAtEndOfTest(TestUtil.java:22)
	at com.crm.qa.util.WebEventListener.onException(WebEventListener.java:58)
	at sun.reflect.GeneratedMethodAccessor1.invoke(Unknown Source)
	at sun.reflect.DelegatingMethodAccessorImpl.invoke(Unknown Source)
	at java.lang.reflect.Method.invoke(Unknown Source)
	at org.openqa.selenium.support.events.EventFiringWebDriver.lambda$new$0(EventFiringWebDriver.java:84)
	at com.sun.proxy.$Proxy5.onException(Unknown Source)
	at org.openqa.selenium.support.events.EventFiringWebDriver.lambda$new$1(EventFiringWebDriver.java:107)
	at com.sun.proxy.$Proxy6.getScreenshotAs(Unknown Source)
	at org.openqa.selenium.support.events.EventFiringWebDriver.getScreenshotAs(EventFiringWebDriver.java:302)
	at com.crm.qa.util.TestUtil.takeScreenshotAtEndOfTest(TestUtil.java:22)
	at com.crm.qa.util.WebEventListener.onException(WebEventListener.java:58)
	at sun.reflect.GeneratedMethodAccessor1.invoke(Unknown Source)
	at sun.reflect.DelegatingMethodAccessorImpl.invoke(Unknown Source)
	at java.lang.reflect.Method.invoke(Unknown Source)
	at org.openqa.selenium.support.events.EventFiringWebDriver.lambda$new$0(EventFiringWebDriver.java:84)
	at com.sun.proxy.$Proxy5.onException(Unknown Source)
	at org.openqa.selenium.support.events.EventFiringWebDriver.lambda$new$1(EventFiringWebDriver.java:107)
	at com.sun.proxy.$Proxy6.getScreenshotAs(Unknown Source)
	at org.openqa.selenium.support.events.EventFiringWebDriver.getScreenshotAs(EventFiringWebDriver.java:302)
	at com.crm.qa.util.TestUtil.takeScreenshotAtEndOfTest(TestUtil.java:22)
	at com.crm.qa.util.WebEventListener.onException(WebEventListener.java:58)
	at sun.reflect.GeneratedMethodAccessor1.invoke(Unknown Source)
	at sun.reflect.DelegatingMethodAccessorImpl.invoke(Unknown Source)
	at java.lang.reflect.Method.invoke(Unknown Source)
	at org.openqa.selenium.support.events.EventFiringWebDriver.lambda$new$0(EventFiringWebDriver.java:84)
	at com.sun.proxy.$Proxy5.onException(Unknown Source)
	at org.openqa.selenium.support.events.EventFiringWebDriver.lambda$new$1(EventFiringWebDriver.java:107)
	at com.sun.proxy.$Proxy6.getScreenshotAs(Unknown Source)
	at org.openqa.selenium.support.events.EventFiringWebDriver.getScreenshotAs(EventFiringWebDriver.java:302)
	at com.crm.qa.util.TestUtil.takeScreenshotAtEndOfTest(TestUtil.java:22)
	at com.crm.qa.util.WebEventListener.onException(WebEventListener.java:58)
	at sun.reflect.GeneratedMethodAccessor1.invoke(Unknown Source)
	at sun.reflect.DelegatingMethodAccessorImpl.invoke(Unknown Source)
	at java.lang.reflect.Method.invoke(Unknown Source)
	at org.openqa.selenium.support.events.EventFiringWebDriver.lambda$new$0(EventFiringWebDriver.java:84)
	at com.sun.proxy.$Proxy5.onException(Unknown Source)
	at org.openqa.selenium.support.events.EventFiringWebDriver.lambda$new$1(EventFiringWebDriver.java:107)
	at com.sun.proxy.$Proxy6.getScreenshotAs(Unknown Source)
	at org.openqa.selenium.support.events.EventFiringWebDriver.getScreenshotAs(EventFiringWebDriver.java:302)
	at com.crm.qa.util.TestUtil.takeScreenshotAtEndOfTest(TestUtil.java:22)
	at com.crm.qa.util.WebEventListener.onException(WebEventListener.java:58)
	at sun.reflect.GeneratedMethodAccessor1.invoke(Unknown Source)
	at sun.reflect.DelegatingMethodAccessorImpl.invoke(Unknown Source)
	at java.lang.reflect.Method.invoke(Unknown Source)
	at org.openqa.selenium.support.events.EventFiringWebDriver.lambda$new$0(EventFiringWebDriver.java:84)
	at com.sun.proxy.$Proxy5.onException(Unknown Source)
	at org.openqa.selenium.support.events.EventFiringWebDriver.lambda$new$1(EventFiringWebDriver.java:107)
	at com.sun.proxy.$Proxy6.getScreenshotAs(Unknown Source)
	at org.openqa.selenium.support.events.EventFiringWebDriver.getScreenshotAs(EventFiringWebDriver.java:302)
	at com.crm.qa.util.TestUtil.takeScreenshotAtEndOfTest(TestUtil.java:22)
	at com.crm.qa.util.WebEventListener.onException(WebEventListener.java:58)
	at sun.reflect.GeneratedMethodAccessor1.invoke(Unknown Source)
	at sun.reflect.DelegatingMethodAccessorImpl.invoke(Unknown Source)
	at java.lang.reflect.Method.invoke(Unknown Source)
	at org.openqa.selenium.support.events.EventFiringWebDriver.lambda$new$0(EventFiringWebDriver.java:84)
	at com.sun.proxy.$Proxy5.onException(Unknown Source)
	at org.openqa.selenium.support.events.EventFiringWebDriver.lambda$new$1(EventFiringWebDriver.java:107)
	at com.sun.proxy.$Proxy6.getScreenshotAs(Unknown Source)
	at org.openqa.selenium.support.events.EventFiringWebDriver.getScreenshotAs(EventFiringWebDriver.java:302)
	at com.crm.qa.util.TestUtil.takeScreenshotAtEndOfTest(TestUtil.java:22)
	at com.crm.qa.util.WebEventListener.onException(WebEventListener.java:58)
	at sun.reflect.GeneratedMethodAccessor1.invoke(Unknown Source)
	at sun.reflect.DelegatingMethodAccessorImpl.invoke(Unknown Source)
	at java.lang.reflect.Method.invoke(Unknown Source)
	at org.openqa.selenium.support.events.EventFiringWebDriver.lambda$new$0(EventFiringWebDriver.java:84)
	at com.sun.proxy.$Proxy5.onException(Unknown Source)
	at org.openqa.selenium.support.events.EventFiringWebDriver.lambda$new$1(EventFiringWebDriver.java:107)
	at com.sun.proxy.$Proxy6.getScreenshotAs(Unknown Source)
	at org.openqa.selenium.support.events.EventFiringWebDriver.getScreenshotAs(EventFiringWebDriver.java:302)
	at com.crm.qa.util.TestUtil.takeScreenshotAtEndOfTest(TestUtil.java:22)
	at com.crm.qa.util.WebEventListener.onException(WebEventListener.java:58)
	at sun.reflect.GeneratedMethodAccessor1.invoke(Unknown Source)
	at sun.reflect.DelegatingMethodAccessorImpl.invoke(Unknown Source)
	at java.lang.reflect.Method.invoke(Unknown Source)
	at org.openqa.selenium.support.events.EventFiringWebDriver.lambda$new$0(EventFiringWebDriver.java:84)
	at com.sun.proxy.$Proxy5.onException(Unknown Source)
	at org.openqa.selenium.support.events.EventFiringWebDriver.lambda$new$1(EventFiringWebDriver.java:107)
	at com.sun.proxy.$Proxy6.getScreenshotAs(Unknown Source)
	at org.openqa.selenium.support.events.EventFiringWebDriver.getScreenshotAs(EventFiringWebDriver.java:302)
	at com.crm.qa.util.TestUtil.takeScreenshotAtEndOfTest(TestUtil.java:22)
	at com.crm.qa.util.WebEventListener.onException(WebEventListener.java:58)
	at sun.reflect.GeneratedMethodAccessor1.invoke(Unknown Source)
	at sun.reflect.DelegatingMethodAccessorImpl.invoke(Unknown Source)
	at java.lang.reflect.Method.invoke(Unknown Source)
	at org.openqa.selenium.support.events.EventFiringWebDriver.lambda$new$0(EventFiringWebDriver.java:84)
	at com.sun.proxy.$Proxy5.onException(Unknown Source)
	at org.openqa.selenium.support.events.EventFiringWebDriver.lambda$new$1(EventFiringWebDriver.java:107)
	at com.sun.proxy.$Proxy6.getScreenshotAs(Unknown Source)
	at org.openqa.selenium.support.events.EventFiringWebDriver.getScreenshotAs(EventFiringWebDriver.java:302)
	at com.crm.qa.util.TestUtil.takeScreenshotAtEndOfTest(TestUtil.java:22)
	at com.crm.qa.util.WebEventListener.onException(WebEventListener.java:58)
	at sun.reflect.GeneratedMethodAccessor1.invoke(Unknown Source)
	at sun.reflect.DelegatingMethodAccessorImpl.invoke(Unknown Source)
	at java.lang.reflect.Method.invoke(Unknown Source)
	at org.openqa.selenium.support.events.EventFiringWebDriver.lambda$new$0(EventFiringWebDriver.java:84)
	at com.sun.proxy.$Proxy5.onException(Unknown Source)
	at org.openqa.selenium.support.events.EventFiringWebDriver.lambda$new$1(EventFiringWebDriver.java:107)
	at com.sun.proxy.$Proxy6.getScreenshotAs(Unknown Source)
	at org.openqa.selenium.support.events.EventFiringWebDriver.getScreenshotAs(EventFiringWebDriver.java:302)
	at com.crm.qa.util.TestUtil.takeScreenshotAtEndOfTest(TestUtil.java:22)
	at com.crm.qa.util.WebEventListener.onException(WebEventListener.java:58)
	at sun.reflect.GeneratedMethodAccessor1.invoke(Unknown Source)
	at sun.reflect.DelegatingMethodAccessorImpl.invoke(Unknown Source)
	at java.lang.reflect.Method.invoke(Unknown Source)
	at org.openqa.selenium.support.events.EventFiringWebDriver.lambda$new$0(EventFiringWebDriver.java:84)
	at com.sun.proxy.$Proxy5.onException(Unknown Source)
	at org.openqa.selenium.support.events.EventFiringWebDriver.lambda$new$1(EventFiringWebDriver.java:107)
	at com.sun.proxy.$Proxy6.getScreenshotAs(Unknown Source)
	at org.openqa.selenium.support.events.EventFiringWebDriver.getScreenshotAs(EventFiringWebDriver.java:302)
	at com.crm.qa.util.TestUtil.takeScreenshotAtEndOfTest(TestUtil.java:22)
	at com.crm.qa.util.WebEventListener.onException(WebEventListener.java:58)
	at sun.reflect.GeneratedMethodAccessor1.invoke(Unknown Source)
	at sun.reflect.DelegatingMethodAccessorImpl.invoke(Unknown Source)
	at java.lang.reflect.Method.invoke(Unknown Source)
	at org.openqa.selenium.support.events.EventFiringWebDriver.lambda$new$0(EventFiringWebDriver.java:84)
	at com.sun.proxy.$Proxy5.onException(Unknown Source)
	at org.openqa.selenium.support.events.EventFiringWebDriver.lambda$new$1(EventFiringWebDriver.java:107)
	at com.sun.proxy.$Proxy6.getScreenshotAs(Unknown Source)
	at org.openqa.selenium.support.events.EventFiringWebDriver.getScreenshotAs(EventFiringWebDriver.java:302)
	at com.crm.qa.util.TestUtil.takeScreenshotAtEndOfTest(TestUtil.java:22)
	at com.crm.qa.util.WebEventListener.onException(WebEventListener.java:58)
	at sun.reflect.GeneratedMethodAccessor1.invoke(Unknown Source)
	at sun.reflect.DelegatingMethodAccessorImpl.invoke(Unknown Source)
	at java.lang.reflect.Method.invoke(Unknown Source)
	at org.openqa.selenium.support.events.EventFiringWebDriver.lambda$new$0(EventFiringWebDriver.java:84)
	at com.sun.proxy.$Proxy5.onException(Unknown Source)
	at org.openqa.selenium.support.events.EventFiringWebDriver.lambda$new$1(EventFiringWebDriver.java:107)
	at com.sun.proxy.$Proxy6.getScreenshotAs(Unknown Source)
	at org.openqa.selenium.support.events.EventFiringWebDriver.getScreenshotAs(EventFiringWebDriver.java:302)
	at com.crm.qa.util.TestUtil.takeScreenshotAtEndOfTest(TestUtil.java:22)
	at com.crm.qa.util.WebEventListener.onException(WebEventListener.java:58)
	at sun.reflect.GeneratedMethodAccessor1.invoke(Unknown Source)
	at sun.reflect.DelegatingMethodAccessorImpl.invoke(Unknown Source)
	at java.lang.reflect.Method.invoke(Unknown Source)
	at org.openqa.selenium.support.events.EventFiringWebDriver.lambda$new$0(EventFiringWebDriver.java:84)
	at com.sun.proxy.$Proxy5.onException(Unknown Source)
	at org.openqa.selenium.support.events.EventFiringWebDriver.lambda$new$1(EventFiringWebDriver.java:107)
	at com.sun.proxy.$Proxy6.getScreenshotAs(Unknown Source)
	at org.openqa.selenium.support.events.EventFiringWebDriver.getScreenshotAs(EventFiringWebDriver.java:302)
	at com.crm.qa.util.TestUtil.takeScreenshotAtEndOfTest(TestUtil.java:22)
	at com.crm.qa.util.WebEventListener.onException(WebEventListener.java:58)
	at sun.reflect.GeneratedMethodAccessor1.invoke(Unknown Source)
	at sun.reflect.DelegatingMethodAccessorImpl.invoke(Unknown Source)
	at java.lang.reflect.Method.invoke(Unknown Source)
	at org.openqa.selenium.support.events.EventFiringWebDriver.lambda$new$0(EventFiringWebDriver.java:84)
	at com.sun.proxy.$Proxy5.onException(Unknown Source)
	at org.openqa.selenium.support.events.EventFiringWebDriver.lambda$new$1(EventFiringWebDriver.java:107)
	at com.sun.proxy.$Proxy6.getScreenshotAs(Unknown Source)
	at org.openqa.selenium.support.events.EventFiringWebDriver.getScreenshotAs(EventFiringWebDriver.java:302)
	at com.crm.qa.util.TestUtil.takeScreenshotAtEndOfTest(TestUtil.java:22)
	at com.crm.qa.util.WebEventListener.onException(WebEventListener.java:58)
	at sun.reflect.GeneratedMethodAccessor1.invoke(Unknown Source)
	at sun.reflect.DelegatingMethodAccessorImpl.invoke(Unknown Source)
	at java.lang.reflect.Method.invoke(Unknown Source)
	at org.openqa.selenium.support.events.EventFiringWebDriver.lambda$new$0(EventFiringWebDriver.java:84)
	at com.sun.proxy.$Proxy5.onException(Unknown Source)
	at org.openqa.selenium.support.events.EventFiringWebDriver.lambda$new$1(EventFiringWebDriver.java:107)
	at com.sun.proxy.$Proxy6.getScreenshotAs(Unknown Source)
	at org.openqa.selenium.support.events.EventFiringWebDriver.getScreenshotAs(EventFiringWebDriver.java:302)
	at com.crm.qa.util.TestUtil.takeScreenshotAtEndOfTest(TestUtil.java:22)
	at com.crm.qa.util.WebEventListener.onException(WebEventListener.java:58)
	at sun.reflect.GeneratedMethodAccessor1.invoke(Unknown Source)
	at sun.reflect.DelegatingMethodAccessorImpl.invoke(Unknown Source)
	at java.lang.reflect.Method.invoke(Unknown Source)
	at org.openqa.selenium.support.events.EventFiringWebDriver.lambda$new$0(EventFiringWebDriver.java:84)
	at com.sun.proxy.$Proxy5.onException(Unknown Source)
	at org.openqa.selenium.support.events.EventFiringWebDriver.lambda$new$1(EventFiringWebDriver.java:107)
	at com.sun.proxy.$Proxy6.getScreenshotAs(Unknown Source)
	at org.openqa.selenium.support.events.EventFiringWebDriver.getScreenshotAs(EventFiringWebDriver.java:302)
	at com.crm.qa.util.TestUtil.takeScreenshotAtEndOfTest(TestUtil.java:22)
	at com.crm.qa.util.WebEventListener.onException(WebEventListener.java:58)
	at sun.reflect.GeneratedMethodAccessor1.invoke(Unknown Source)
	at sun.reflect.DelegatingMethodAccessorImpl.invoke(Unknown Source)
	at java.lang.reflect.Method.invoke(Unknown Source)
	at org.openqa.selenium.support.events.EventFiringWebDriver.lambda$new$0(EventFiringWebDriver.java:84)
	at com.sun.proxy.$Proxy5.onException(Unknown Source)
	at org.openqa.selenium.support.events.EventFiringWebDriver.lambda$new$1(EventFiringWebDriver.java:107)
	at com.sun.proxy.$Proxy6.getScreenshotAs(Unknown Source)
	at org.openqa.selenium.support.events.EventFiringWebDriver.getScreenshotAs(EventFiringWebDriver.java:302)
	at com.crm.qa.util.TestUtil.takeScreenshotAtEndOfTest(TestUtil.java:22)
	at com.crm.qa.util.WebEventListener.onException(WebEventListener.java:58)
	at sun.reflect.GeneratedMethodAccessor1.invoke(Unknown Source)
	at sun.reflect.DelegatingMethodAccessorImpl.invoke(Unknown Source)
	at java.lang.reflect.Method.invoke(Unknown Source)
	at org.openqa.selenium.support.events.EventFiringWebDriver.lambda$new$0(EventFiringWebDriver.java:84)
	at com.sun.proxy.$Proxy5.onException(Unknown Source)
	at org.openqa.selenium.support.events.EventFiringWebDriver.lambda$new$1(EventFiringWebDriver.java:107)
	at com.sun.proxy.$Proxy6.getScreenshotAs(Unknown Source)
	at org.openqa.selenium.support.events.EventFiringWebDriver.getScreenshotAs(EventFiringWebDriver.java:302)
	at com.crm.qa.util.TestUtil.takeScreenshotAtEndOfTest(TestUtil.java:22)
	at com.crm.qa.util.WebEventListener.onException(WebEventListener.java:58)
	at sun.reflect.GeneratedMethodAccessor1.invoke(Unknown Source)
	at sun.reflect.DelegatingMethodAccessorImpl.invoke(Unknown Source)
	at java.lang.reflect.Method.invoke(Unknown Source)
	at org.openqa.selenium.support.events.EventFiringWebDriver.lambda$new$0(EventFiringWebDriver.java:84)
	at com.sun.proxy.$Proxy5.onException(Unknown Source)
	at org.openqa.selenium.support.events.EventFiringWebDriver.lambda$new$1(EventFiringWebDriver.java:107)
	at com.sun.proxy.$Proxy6.getScreenshotAs(Unknown Source)
	at org.openqa.selenium.support.events.EventFiringWebDriver.getScreenshotAs(EventFiringWebDriver.java:302)
	at com.crm.qa.util.TestUtil.takeScreenshotAtEndOfTest(TestUtil.java:22)
	at com.crm.qa.util.WebEventListener.onException(WebEventListener.java:58)
	at sun.reflect.GeneratedMethodAccessor1.invoke(Unknown Source)
	at sun.reflect.DelegatingMethodAccessorImpl.invoke(Unknown Source)
	at java.lang.reflect.Method.invoke(Unknown Source)
	at org.openqa.selenium.support.events.EventFiringWebDriver.lambda$new$0(EventFiringWebDriver.java:84)
	at com.sun.proxy.$Proxy5.onException(Unknown Source)
	at org.openqa.selenium.support.events.EventFiringWebDriver.lambda$new$1(EventFiringWebDriver.java:107)
	at com.sun.proxy.$Proxy6.getScreenshotAs(Unknown Source)
	at org.openqa.selenium.support.events.EventFiringWebDriver.getScreenshotAs(EventFiringWebDriver.java:302)
	at com.crm.qa.util.TestUtil.takeScreenshotAtEndOfTest(TestUtil.java:22)
	at com.crm.qa.util.WebEventListener.onException(WebEventListener.java:58)
	at sun.reflect.GeneratedMethodAccessor1.invoke(Unknown Source)
	at sun.reflect.DelegatingMethodAccessorImpl.invoke(Unknown Source)
	at java.lang.reflect.Method.invoke(Unknown Source)
	at org.openqa.selenium.support.events.EventFiringWebDriver.lambda$new$0(EventFiringWebDriver.java:84)
	at com.sun.proxy.$Proxy5.onException(Unknown Source)
	at org.openqa.selenium.support.events.EventFiringWebDriver.lambda$new$1(EventFiringWebDriver.java:107)
	at com.sun.proxy.$Proxy6.getScreenshotAs(Unknown Source)
	at org.openqa.selenium.support.events.EventFiringWebDriver.getScreenshotAs(EventFiringWebDriver.java:302)
	at com.crm.qa.util.TestUtil.takeScreenshotAtEndOfTest(TestUtil.java:22)
	at com.crm.qa.util.WebEventListener.onException(WebEventListener.java:58)
	at sun.reflect.GeneratedMethodAccessor1.invoke(Unknown Source)
	at sun.reflect.DelegatingMethodAccessorImpl.invoke(Unknown Source)
	at java.lang.reflect.Method.invoke(Unknown Source)
	at org.openqa.selenium.support.events.EventFiringWebDriver.lambda$new$0(EventFiringWebDriver.java:84)
	at com.sun.proxy.$Proxy5.onException(Unknown Source)
	at org.openqa.selenium.support.events.EventFiringWebDriver.lambda$new$1(EventFiringWebDriver.java:107)
	at com.sun.proxy.$Proxy6.getScreenshotAs(Unknown Source)
	at org.openqa.selenium.support.events.EventFiringWebDriver.getScreenshotAs(EventFiringWebDriver.java:302)
	at com.crm.qa.util.TestUtil.takeScreenshotAtEndOfTest(TestUtil.java:22)
	at com.crm.qa.util.WebEventListener.onException(WebEventListener.java:58)
	at sun.reflect.GeneratedMethodAccessor1.invoke(Unknown Source)
	at sun.reflect.DelegatingMethodAccessorImpl.invoke(Unknown Source)
	at java.lang.reflect.Method.invoke(Unknown Source)
	at org.openqa.selenium.support.events.EventFiringWebDriver.lambda$new$0(EventFiringWebDriver.java:84)
	at com.sun.proxy.$Proxy5.onException(Unknown Source)
	at org.openqa.selenium.support.events.EventFiringWebDriver.lambda$new$1(EventFiringWebDriver.java:107)
	at com.sun.proxy.$Proxy6.getScreenshotAs(Unknown Source)
	at org.openqa.selenium.support.events.EventFiringWebDriver.getScreenshotAs(EventFiringWebDriver.java:302)
	at com.crm.qa.util.TestUtil.takeScreenshotAtEndOfTest(TestUtil.java:22)
	at com.crm.qa.util.WebEventListener.onException(WebEventListener.java:58)
	at sun.reflect.GeneratedMethodAccessor1.invoke(Unknown Source)
	at sun.reflect.DelegatingMethodAccessorImpl.invoke(Unknown Source)
	at java.lang.reflect.Method.invoke(Unknown Source)
	at org.openqa.selenium.support.events.EventFiringWebDriver.lambda$new$0(EventFiringWebDriver.java:84)
	at com.sun.proxy.$Proxy5.onException(Unknown Source)
	at org.openqa.selenium.support.events.EventFiringWebDriver.lambda$new$1(EventFiringWebDriver.java:107)
	at com.sun.proxy.$Proxy6.getScreenshotAs(Unknown Source)
	at org.openqa.selenium.support.events.EventFiringWebDriver.getScreenshotAs(EventFiringWebDriver.java:302)
	at com.crm.qa.util.TestUtil.takeScreenshotAtEndOfTest(TestUtil.java:22)
	at com.crm.qa.util.WebEventListener.onException(WebEventListener.java:58)
	at sun.reflect.GeneratedMethodAccessor1.invoke(Unknown Source)
	at sun.reflect.DelegatingMethodAccessorImpl.invoke(Unknown Source)
	at java.lang.reflect.Method.invoke(Unknown Source)
	at org.openqa.selenium.support.events.EventFiringWebDriver.lambda$new$0(EventFiringWebDriver.java:84)
	at com.sun.proxy.$Proxy5.onException(Unknown Source)
	at org.openqa.selenium.support.events.EventFiringWebDriver.lambda$new$1(EventFiringWebDriver.java:107)
	at com.sun.proxy.$Proxy6.getScreenshotAs(Unknown Source)
	at org.openqa.selenium.support.events.EventFiringWebDriver.getScreenshotAs(EventFiringWebDriver.java:302)
	at com.crm.qa.util.TestUtil.takeScreenshotAtEndOfTest(TestUtil.java:22)
	at com.crm.qa.util.WebEventListener.onException(WebEventListener.java:58)
	at sun.reflect.GeneratedMethodAccessor1.invoke(Unknown Source)
	at sun.reflect.DelegatingMethodAccessorImpl.invoke(Unknown Source)
	at java.lang.reflect.Method.invoke(Unknown Source)
	at org.openqa.selenium.support.events.EventFiringWebDriver.lambda$new$0(EventFiringWebDriver.java:84)
	at com.sun.proxy.$Proxy5.onException(Unknown Source)
	at org.openqa.selenium.support.events.EventFiringWebDriver.lambda$new$1(EventFiringWebDriver.java:107)
	at com.sun.proxy.$Proxy6.getScreenshotAs(Unknown Source)
	at org.openqa.selenium.support.events.EventFiringWebDriver.getScreenshotAs(EventFiringWebDriver.java:302)
	at com.crm.qa.util.TestUtil.takeScreenshotAtEndOfTest(TestUtil.java:22)
	at com.crm.qa.util.WebEventListener.onException(WebEventListener.java:58)
	at sun.reflect.GeneratedMethodAccessor1.invoke(Unknown Source)
	at sun.reflect.DelegatingMethodAccessorImpl.invoke(Unknown Source)
	at java.lang.reflect.Method.invoke(Unknown Source)
	at org.openqa.selenium.support.events.EventFiringWebDriver.lambda$new$0(EventFiringWebDriver.java:84)
	at com.sun.proxy.$Proxy5.onException(Unknown Source)
	at org.openqa.selenium.support.events.EventFiringWebDriver.lambda$new$1(EventFiringWebDriver.java:107)
	at com.sun.proxy.$Proxy6.getScreenshotAs(Unknown Source)
	at org.openqa.selenium.support.events.EventFiringWebDriver.getScreenshotAs(EventFiringWebDriver.java:302)
	at com.crm.qa.util.TestUtil.takeScreenshotAtEndOfTest(TestUtil.java:22)
	at com.crm.qa.util.WebEventListener.onException(WebEventListener.java:58)
	at sun.reflect.GeneratedMethodAccessor1.invoke(Unknown Source)
	at sun.reflect.DelegatingMethodAccessorImpl.invoke(Unknown Source)
	at java.lang.reflect.Method.invoke(Unknown Source)
	at org.openqa.selenium.support.events.EventFiringWebDriver.lambda$new$0(EventFiringWebDriver.java:84)
	at com.sun.proxy.$Proxy5.onException(Unknown Source)
	at org.openqa.selenium.support.events.EventFiringWebDriver.lambda$new$1(EventFiringWebDriver.java:107)
	at com.sun.proxy.$Proxy6.getScreenshotAs(Unknown Source)
	at org.openqa.selenium.support.events.EventFiringWebDriver.getScreenshotAs(EventFiringWebDriver.java:302)
	at com.crm.qa.util.TestUtil.takeScreenshotAtEndOfTest(TestUtil.java:22)
	at com.crm.qa.util.WebEventListener.onException(WebEventListener.java:58)
	at sun.reflect.GeneratedMethodAccessor1.invoke(Unknown Source)
	at sun.reflect.DelegatingMethodAccessorImpl.invoke(Unknown Source)
	at java.lang.reflect.Method.invoke(Unknown Source)
	at org.openqa.selenium.support.events.EventFiringWebDriver.lambda$new$0(EventFiringWebDriver.java:84)
	at com.sun.proxy.$Proxy5.onException(Unknown Source)
	at org.openqa.selenium.support.events.EventFiringWebDriver.lambda$new$1(EventFiringWebDriver.java:107)
	at com.sun.proxy.$Proxy6.getScreenshotAs(Unknown Source)
	at org.openqa.selenium.support.events.EventFiringWebDriver.getScreenshotAs(EventFiringWebDriver.java:302)
	at com.crm.qa.util.TestUtil.takeScreenshotAtEndOfTest(TestUtil.java:22)
	at com.crm.qa.util.WebEventListener.onException(WebEventListener.java:58)
	at sun.reflect.GeneratedMethodAccessor1.invoke(Unknown Source)
	at sun.reflect.DelegatingMethodAccessorImpl.invoke(Unknown Source)
	at java.lang.reflect.Method.invoke(Unknown Source)
	at org.openqa.selenium.support.events.EventFiringWebDriver.lambda$new$0(EventFiringWebDriver.java:84)
	at com.sun.proxy.$Proxy5.onException(Unknown Source)
	at org.openqa.selenium.support.events.EventFiringWebDriver.lambda$new$1(EventFiringWebDriver.java:107)
	at com.sun.proxy.$Proxy6.getScreenshotAs(Unknown Source)
	at org.openqa.selenium.support.events.EventFiringWebDriver.getScreenshotAs(EventFiringWebDriver.java:302)
	at com.crm.qa.util.TestUtil.takeScreenshotAtEndOfTest(TestUtil.java:22)
	at com.crm.qa.util.WebEventListener.onException(WebEventListener.java:58)
	at sun.reflect.GeneratedMethodAccessor1.invoke(Unknown Source)
	at sun.reflect.DelegatingMethodAccessorImpl.invoke(Unknown Source)
	at java.lang.reflect.Method.invoke(Unknown Source)
	at org.openqa.selenium.support.events.EventFiringWebDriver.lambda$new$0(EventFiringWebDriver.java:84)
	at com.sun.proxy.$Proxy5.onException(Unknown Source)
	at org.openqa.selenium.support.events.EventFiringWebDriver.lambda$new$1(EventFiringWebDriver.java:107)
	at com.sun.proxy.$Proxy6.getScreenshotAs(Unknown Source)
	at org.openqa.selenium.support.events.EventFiringWebDriver.getScreenshotAs(EventFiringWebDriver.java:302)
	at com.crm.qa.util.TestUtil.takeScreenshotAtEndOfTest(TestUtil.java:22)
	at com.crm.qa.util.WebEventListener.onException(WebEventListener.java:58)
	at sun.reflect.GeneratedMethodAccessor1.invoke(Unknown Source)
	at sun.reflect.DelegatingMethodAccessorImpl.invoke(Unknown Source)
	at java.lang.reflect.Method.invoke(Unknown Source)
	at org.openqa.selenium.support.events.EventFiringWebDriver.lambda$new$0(EventFiringWebDriver.java:84)
	at com.sun.proxy.$Proxy5.onException(Unknown Source)
	at org.openqa.selenium.support.events.EventFiringWebDriver.lambda$new$1(EventFiringWebDriver.java:107)
	at com.sun.proxy.$Proxy6.getScreenshotAs(Unknown Source)
	at org.openqa.selenium.support.events.EventFiringWebDriver.getScreenshotAs(EventFiringWebDriver.java:302)
	at com.crm.qa.util.TestUtil.takeScreenshotAtEndOfTest(TestUtil.java:22)
	at com.crm.qa.util.WebEventListener.onException(WebEventListener.java:58)
	at sun.reflect.GeneratedMethodAccessor1.invoke(Unknown Source)
	at sun.reflect.DelegatingMethodAccessorImpl.invoke(Unknown Source)
	at java.lang.reflect.Method.invoke(Unknown Source)
	at org.openqa.selenium.support.events.EventFiringWebDriver.lambda$new$0(EventFiringWebDriver.java:84)
	at com.sun.proxy.$Proxy5.onException(Unknown Source)
	at org.openqa.selenium.support.events.EventFiringWebDriver.lambda$new$1(EventFiringWebDriver.java:107)
	at com.sun.proxy.$Proxy6.getScreenshotAs(Unknown Source)
	at org.openqa.selenium.support.events.EventFiringWebDriver.getScreenshotAs(EventFiringWebDriver.java:302)
	at com.crm.qa.util.TestUtil.takeScreenshotAtEndOfTest(TestUtil.java:22)
	at com.crm.qa.util.WebEventListener.onException(WebEventListener.java:58)
	at sun.reflect.GeneratedMethodAccessor1.invoke(Unknown Source)
	at sun.reflect.DelegatingMethodAccessorImpl.invoke(Unknown Source)
	at java.lang.reflect.Method.invoke(Unknown Source)
	at org.openqa.selenium.support.events.EventFiringWebDriver.lambda$new$0(EventFiringWebDriver.java:84)
	at com.sun.proxy.$Proxy5.onException(Unknown Source)
	at org.openqa.selenium.support.events.EventFiringWebDriver.lambda$new$1(EventFiringWebDriver.java:107)
	at com.sun.proxy.$Proxy6.getScreenshotAs(Unknown Source)
	at org.openqa.selenium.support.events.EventFiringWebDriver.getScreenshotAs(EventFiringWebDriver.java:302)
	at com.crm.qa.util.TestUtil.takeScreenshotAtEndOfTest(TestUtil.java:22)
	at com.crm.qa.util.WebEventListener.onException(WebEventListener.java:58)
	at sun.reflect.GeneratedMethodAccessor1.invoke(Unknown Source)
	at sun.reflect.DelegatingMethodAccessorImpl.invoke(Unknown Source)
	at java.lang.reflect.Method.invoke(Unknown Source)
	at org.openqa.selenium.support.events.EventFiringWebDriver.lambda$new$0(EventFiringWebDriver.java:84)
	at com.sun.proxy.$Proxy5.onException(Unknown Source)
	at org.openqa.selenium.support.events.EventFiringWebDriver.lambda$new$1(EventFiringWebDriver.java:107)
	at com.sun.proxy.$Proxy6.getScreenshotAs(Unknown Source)
	at org.openqa.selenium.support.events.EventFiringWebDriver.getScreenshotAs(EventFiringWebDriver.java:302)
	at com.crm.qa.util.TestUtil.takeScreenshotAtEndOfTest(TestUtil.java:22)
	at com.crm.qa.util.WebEventListener.onException(WebEventListener.java:58)
	at sun.reflect.GeneratedMethodAccessor1.invoke(Unknown Source)
	at sun.reflect.DelegatingMethodAccessorImpl.invoke(Unknown Source)
	at java.lang.reflect.Method.invoke(Unknown Source)
	at org.openqa.selenium.support.events.EventFiringWebDriver.lambda$new$0(EventFiringWebDriver.java:84)
	at com.sun.proxy.$Proxy5.onException(Unknown Source)
	at org.openqa.selenium.support.events.EventFiringWebDriver.lambda$new$1(EventFiringWebDriver.java:107)
	at com.sun.proxy.$Proxy6.getScreenshotAs(Unknown Source)
	at org.openqa.selenium.support.events.EventFiringWebDriver.getScreenshotAs(EventFiringWebDriver.java:302)
	at com.crm.qa.util.TestUtil.takeScreenshotAtEndOfTest(TestUtil.java:22)
	at com.crm.qa.util.WebEventListener.onException(WebEventListener.java:58)
	at sun.reflect.GeneratedMethodAccessor1.invoke(Unknown Source)
	at sun.reflect.DelegatingMethodAccessorImpl.invoke(Unknown Source)
	at java.lang.reflect.Method.invoke(Unknown Source)
	at org.openqa.selenium.support.events.EventFiringWebDriver.lambda$new$0(EventFiringWebDriver.java:84)
	at com.sun.proxy.$Proxy5.onException(Unknown Source)
	at org.openqa.selenium.support.events.EventFiringWebDriver.lambda$new$1(EventFiringWebDriver.java:107)
	at com.sun.proxy.$Proxy6.getScreenshotAs(Unknown Source)
	at org.openqa.selenium.support.events.EventFiringWebDriver.getScreenshotAs(EventFiringWebDriver.java:302)
	at com.crm.qa.util.TestUtil.takeScreenshotAtEndOfTest(TestUtil.java:22)
	at com.crm.qa.util.WebEventListener.onException(WebEventListener.java:58)
	at sun.reflect.GeneratedMethodAccessor1.invoke(Unknown Source)
	at sun.reflect.DelegatingMethodAccessorImpl.invoke(Unknown Source)
	at java.lang.reflect.Method.invoke(Unknown Source)
	at org.openqa.selenium.support.events.EventFiringWebDriver.lambda$new$0(EventFiringWebDriver.java:84)
	at com.sun.proxy.$Proxy5.onException(Unknown Source)
	at org.openqa.selenium.support.events.EventFiringWebDriver.lambda$new$1(EventFiringWebDriver.java:107)
	at com.sun.proxy.$Proxy6.getScreenshotAs(Unknown Source)
	at org.openqa.selenium.support.events.EventFiringWebDriver.getScreenshotAs(EventFiringWebDriver.java:302)
	at com.crm.qa.util.TestUtil.takeScreenshotAtEndOfTest(TestUtil.java:22)
	at com.crm.qa.util.WebEventListener.onException(WebEventListener.java:58)
	at sun.reflect.GeneratedMethodAccessor1.invoke(Unknown Source)
	at sun.reflect.DelegatingMethodAccessorImpl.invoke(Unknown Source)
	at java.lang.reflect.Method.invoke(Unknown Source)
	at org.openqa.selenium.support.events.EventFiringWebDriver.lambda$new$0(EventFiringWebDriver.java:84)
	at com.sun.proxy.$Proxy5.onException(Unknown Source)
	at org.openqa.selenium.support.events.EventFiringWebDriver.lambda$new$1(EventFiringWebDriver.java:107)
	at com.sun.proxy.$Proxy6.getScreenshotAs(Unknown Source)
	at org.openqa.selenium.support.events.EventFiringWebDriver.getScreenshotAs(EventFiringWebDriver.java:302)
	at com.crm.qa.util.TestUtil.takeScreenshotAtEndOfTest(TestUtil.java:22)
	at com.crm.qa.util.WebEventListener.onException(WebEventListener.java:58)
	at sun.reflect.GeneratedMethodAccessor1.invoke(Unknown Source)
	at sun.reflect.DelegatingMethodAccessorImpl.invoke(Unknown Source)
	at java.lang.reflect.Method.invoke(Unknown Source)
	at org.openqa.selenium.support.events.EventFiringWebDriver.lambda$new$0(EventFiringWebDriver.java:84)
	at com.sun.proxy.$Proxy5.onException(Unknown Source)
	at org.openqa.selenium.support.events.EventFiringWebDriver.lambda$new$1(EventFiringWebDriver.java:107)
	at com.sun.proxy.$Proxy6.getScreenshotAs(Unknown Source)
	at org.openqa.selenium.support.events.EventFiringWebDriver.getScreenshotAs(EventFiringWebDriver.java:302)
	at com.crm.qa.util.TestUtil.takeScreenshotAtEndOfTest(TestUtil.java:22)
	at com.crm.qa.util.WebEventListener.onException(WebEventListener.java:58)
	at sun.reflect.GeneratedMethodAccessor1.invoke(Unknown Source)
	at sun.reflect.DelegatingMethodAccessorImpl.invoke(Unknown Source)
	at java.lang.reflect.Method.invoke(Unknown Source)
	at org.openqa.selenium.support.events.EventFiringWebDriver.lambda$new$0(EventFiringWebDriver.java:84)
	at com.sun.proxy.$Proxy5.onException(Unknown Source)
	at org.openqa.selenium.support.events.EventFiringWebDriver.lambda$new$1(EventFiringWebDriver.java:107)
	at com.sun.proxy.$Proxy6.getScreenshotAs(Unknown Source)
	at org.openqa.selenium.support.events.EventFiringWebDriver.getScreenshotAs(EventFiringWebDriver.java:302)
	at com.crm.qa.util.TestUtil.takeScreenshotAtEndOfTest(TestUtil.java:22)
	at com.crm.qa.util.WebEventListener.onException(WebEventListener.java:58)
	at sun.reflect.GeneratedMethodAccessor1.invoke(Unknown Source)
	at sun.reflect.DelegatingMethodAccessorImpl.invoke(Unknown Source)
	at java.lang.reflect.Method.invoke(Unknown Source)
	at org.openqa.selenium.support.events.EventFiringWebDriver.lambda$new$0(EventFiringWebDriver.java:84)
	at com.sun.proxy.$Proxy5.onException(Unknown Source)
	at org.openqa.selenium.support.events.EventFiringWebDriver.lambda$new$1(EventFiringWebDriver.java:107)
	at com.sun.proxy.$Proxy6.getScreenshotAs(Unknown Source)
	at org.openqa.selenium.support.events.EventFiringWebDriver.getScreenshotAs(EventFiringWebDriver.java:302)
	at com.crm.qa.util.TestUtil.takeScreenshotAtEndOfTest(TestUtil.java:22)
	at com.crm.qa.util.WebEventListener.onException(WebEventListener.java:58)
	at sun.reflect.GeneratedMethodAccessor1.invoke(Unknown Source)
	at sun.reflect.DelegatingMethodAccessorImpl.invoke(Unknown Source)
	at java.lang.reflect.Method.invoke(Unknown Source)
	at org.openqa.selenium.support.events.EventFiringWebDriver.lambda$new$0(EventFiringWebDriver.java:84)
	at com.sun.proxy.$Proxy5.onException(Unknown Source)
	at org.openqa.selenium.support.events.EventFiringWebDriver.lambda$new$1(EventFiringWebDriver.java:107)
	at com.sun.proxy.$Proxy6.getScreenshotAs(Unknown Source)
	at org.openqa.selenium.support.events.EventFiringWebDriver.getScreenshotAs(EventFiringWebDriver.java:302)
	at com.crm.qa.util.TestUtil.takeScreenshotAtEndOfTest(TestUtil.java:22)
	at com.crm.qa.util.WebEventListener.onException(WebEventListener.java:58)
	at sun.reflect.GeneratedMethodAccessor1.invoke(Unknown Source)
	at sun.reflect.DelegatingMethodAccessorImpl.invoke(Unknown Source)
	at java.lang.reflect.Method.invoke(Unknown Source)
	at org.openqa.selenium.support.events.EventFiringWebDriver.lambda$new$0(EventFiringWebDriver.java:84)
	at com.sun.proxy.$Proxy5.onException(Unknown Source)
	at org.openqa.selenium.support.events.EventFiringWebDriver.lambda$new$1(EventFiringWebDriver.java:107)
	at com.sun.proxy.$Proxy6.getScreenshotAs(Unknown Source)
	at org.openqa.selenium.support.events.EventFiringWebDriver.getScreenshotAs(EventFiringWebDriver.java:302)
	at com.crm.qa.util.TestUtil.takeScreenshotAtEndOfTest(TestUtil.java:22)
	at com.crm.qa.util.WebEventListener.onException(WebEventListener.java:58)
	at sun.reflect.GeneratedMethodAccessor1.invoke(Unknown Source)
	at sun.reflect.DelegatingMethodAccessorImpl.invoke(Unknown Source)
	at java.lang.reflect.Method.invoke(Unknown Source)
	at org.openqa.selenium.support.events.EventFiringWebDriver.lambda$new$0(EventFiringWebDriver.java:84)
	at com.sun.proxy.$Proxy5.onException(Unknown Source)
	at org.openqa.selenium.support.events.EventFiringWebDriver.lambda$new$1(EventFiringWebDriver.java:107)
	at com.sun.proxy.$Proxy6.getScreenshotAs(Unknown Source)
	at org.openqa.selenium.support.events.EventFiringWebDriver.getScreenshotAs(EventFiringWebDriver.java:302)
	at com.crm.qa.util.TestUtil.takeScreenshotAtEndOfTest(TestUtil.java:22)
	at com.crm.qa.util.WebEventListener.onException(WebEventListener.java:58)
	at sun.reflect.GeneratedMethodAccessor1.invoke(Unknown Source)
	at sun.reflect.DelegatingMethodAccessorImpl.invoke(Unknown Source)
	at java.lang.reflect.Method.invoke(Unknown Source)
	at org.openqa.selenium.support.events.EventFiringWebDriver.lambda$new$0(EventFiringWebDriver.java:84)
	at com.sun.proxy.$Proxy5.onException(Unknown Source)
	at org.openqa.selenium.support.events.EventFiringWebDriver.lambda$new$1(EventFiringWebDriver.java:107)
	at com.sun.proxy.$Proxy6.getScreenshotAs(Unknown Source)
	at org.openqa.selenium.support.events.EventFiringWebDriver.getScreenshotAs(EventFiringWebDriver.java:302)
	at com.crm.qa.util.TestUtil.takeScreenshotAtEndOfTest(TestUtil.java:22)
	at com.crm.qa.util.WebEventListener.onException(WebEventListener.java:58)
	at sun.reflect.GeneratedMethodAccessor1.invoke(Unknown Source)
	at sun.reflect.DelegatingMethodAccessorImpl.invoke(Unknown Source)
	at java.lang.reflect.Method.invoke(Unknown Source)
	at org.openqa.selenium.support.events.EventFiringWebDriver.lambda$new$0(EventFiringWebDriver.java:84)
	at com.sun.proxy.$Proxy5.onException(Unknown Source)
	at org.openqa.selenium.support.events.EventFiringWebDriver.lambda$new$1(EventFiringWebDriver.java:107)
	at com.sun.proxy.$Proxy6.getScreenshotAs(Unknown Source)
	at org.openqa.selenium.support.events.EventFiringWebDriver.getScreenshotAs(EventFiringWebDriver.java:302)
	at com.crm.qa.util.TestUtil.takeScreenshotAtEndOfTest(TestUtil.java:22)
	at com.crm.qa.util.WebEventListener.onException(WebEventListener.java:58)
	at sun.reflect.GeneratedMethodAccessor1.invoke(Unknown Source)
	at sun.reflect.DelegatingMethodAccessorImpl.invoke(Unknown Source)
	at java.lang.reflect.Method.invoke(Unknown Source)
	at org.openqa.selenium.support.events.EventFiringWebDriver.lambda$new$0(EventFiringWebDriver.java:84)
	at com.sun.proxy.$Proxy5.onException(Unknown Source)
	at org.openqa.selenium.support.events.EventFiringWebDriver.lambda$new$1(EventFiringWebDriver.java:107)
	at com.sun.proxy.$Proxy6.getScreenshotAs(Unknown Source)
	at org.openqa.selenium.support.events.EventFiringWebDriver.getScreenshotAs(EventFiringWebDriver.java:302)
	at com.crm.qa.util.TestUtil.takeScreenshotAtEndOfTest(TestUtil.java:22)
	at com.crm.qa.util.WebEventListener.onException(WebEventListener.java:58)
	at sun.reflect.GeneratedMethodAccessor1.invoke(Unknown Source)
	at sun.reflect.DelegatingMethodAccessorImpl.invoke(Unknown Source)
	at java.lang.reflect.Method.invoke(Unknown Source)
	at org.openqa.selenium.support.events.EventFiringWebDriver.lambda$new$0(EventFiringWebDriver.java:84)
	at com.sun.proxy.$Proxy5.onException(Unknown Source)
	at org.openqa.selenium.support.events.EventFiringWebDriver.lambda$new$1(EventFiringWebDriver.java:107)
	at com.sun.proxy.$Proxy6.getScreenshotAs(Unknown Source)
	at org.openqa.selenium.support.events.EventFiringWebDriver.getScreenshotAs(EventFiringWebDriver.java:302)
	at com.crm.qa.util.TestUtil.takeScreenshotAtEndOfTest(TestUtil.java:22)
	at com.crm.qa.util.WebEventListener.onException(WebEventListener.java:58)
	at sun.reflect.GeneratedMethodAccessor1.invoke(Unknown Source)
	at sun.reflect.DelegatingMethodAccessorImpl.invoke(Unknown Source)
	at java.lang.reflect.Method.invoke(Unknown Source)
	at org.openqa.selenium.support.events.EventFiringWebDriver.lambda$new$0(EventFiringWebDriver.java:84)
	at com.sun.proxy.$Proxy5.onException(Unknown Source)
	at org.openqa.selenium.support.events.EventFiringWebDriver.lambda$new$1(EventFiringWebDriver.java:107)
	at com.sun.proxy.$Proxy6.getScreenshotAs(Unknown Source)
	at org.openqa.selenium.support.events.EventFiringWebDriver.getScreenshotAs(EventFiringWebDriver.java:302)
	at com.crm.qa.util.TestUtil.takeScreenshotAtEndOfTest(TestUtil.java:22)
	at com.crm.qa.util.WebEventListener.onException(WebEventListener.java:58)
	at sun.reflect.GeneratedMethodAccessor1.invoke(Unknown Source)
	at sun.reflect.DelegatingMethodAccessorImpl.invoke(Unknown Source)
	at java.lang.reflect.Method.invoke(Unknown Source)
	at org.openqa.selenium.support.events.EventFiringWebDriver.lambda$new$0(EventFiringWebDriver.java:84)
	at com.sun.proxy.$Proxy5.onException(Unknown Source)
	at org.openqa.selenium.support.events.EventFiringWebDriver.lambda$new$1(EventFiringWebDriver.java:107)
	at com.sun.proxy.$Proxy6.getScreenshotAs(Unknown Source)
	at org.openqa.selenium.support.events.EventFiringWebDriver.getScreenshotAs(EventFiringWebDriver.java:302)
	at com.crm.qa.util.TestUtil.takeScreenshotAtEndOfTest(TestUtil.java:22)
	at com.crm.qa.util.WebEventListener.onException(WebEventListener.java:58)
	at sun.reflect.GeneratedMethodAccessor1.invoke(Unknown Source)
	at sun.reflect.DelegatingMethodAccessorImpl.invoke(Unknown Source)
	at java.lang.reflect.Method.invoke(Unknown Source)
	at org.openqa.selenium.support.events.EventFiringWebDriver.lambda$new$0(EventFiringWebDriver.java:84)
	at com.sun.proxy.$Proxy5.onException(Unknown Source)
	at org.openqa.selenium.support.events.EventFiringWebDriver.lambda$new$1(EventFiringWebDriver.java:107)
	at com.sun.proxy.$Proxy6.getScreenshotAs(Unknown Source)
	at org.openqa.selenium.support.events.EventFiringWebDriver.getScreenshotAs(EventFiringWebDriver.java:302)
	at com.crm.qa.util.TestUtil.takeScreenshotAtEndOfTest(TestUtil.java:22)
	at com.crm.qa.util.WebEventListener.onException(WebEventListener.java:58)
	at sun.reflect.GeneratedMethodAccessor1.invoke(Unknown Source)
	at sun.reflect.DelegatingMethodAccessorImpl.invoke(Unknown Source)
	at java.lang.reflect.Method.invoke(Unknown Source)
	at org.openqa.selenium.support.events.EventFiringWebDriver.lambda$new$0(EventFiringWebDriver.java:84)
	at com.sun.proxy.$Proxy5.onException(Unknown Source)
	at org.openqa.selenium.support.events.EventFiringWebDriver.lambda$new$1(EventFiringWebDriver.java:107)
	at com.sun.proxy.$Proxy6.getScreenshotAs(Unknown Source)
	at org.openqa.selenium.support.events.EventFiringWebDriver.getScreenshotAs(EventFiringWebDriver.java:302)
	at com.crm.qa.util.TestUtil.takeScreenshotAtEndOfTest(TestUtil.java:22)
	at com.crm.qa.util.WebEventListener.onException(WebEventListener.java:58)
	at sun.reflect.GeneratedMethodAccessor1.invoke(Unknown Source)
	at sun.reflect.DelegatingMethodAccessorImpl.invoke(Unknown Source)
	at java.lang.reflect.Method.invoke(Unknown Source)
	at org.openqa.selenium.support.events.EventFiringWebDriver.lambda$new$0(EventFiringWebDriver.java:84)
	at com.sun.proxy.$Proxy5.onException(Unknown Source)
	at org.openqa.selenium.support.events.EventFiringWebDriver.lambda$new$1(EventFiringWebDriver.java:107)
	at com.sun.proxy.$Proxy6.getScreenshotAs(Unknown Source)
	at org.openqa.selenium.support.events.EventFiringWebDriver.getScreenshotAs(EventFiringWebDriver.java:302)
	at com.crm.qa.util.TestUtil.takeScreenshotAtEndOfTest(TestUtil.java:22)
	at com.crm.qa.util.WebEventListener.onException(WebEventListener.java:58)
	at sun.reflect.GeneratedMethodAccessor1.invoke(Unknown Source)
	at sun.reflect.DelegatingMethodAccessorImpl.invoke(Unknown Source)
	at java.lang.reflect.Method.invoke(Unknown Source)
	at org.openqa.selenium.support.events.EventFiringWebDriver.lambda$new$0(EventFiringWebDriver.java:84)
	at com.sun.proxy.$Proxy5.onException(Unknown Source)
	at org.openqa.selenium.support.events.EventFiringWebDriver.lambda$new$1(EventFiringWebDriver.java:107)
	at com.sun.proxy.$Proxy6.getScreenshotAs(Unknown Source)
	at org.openqa.selenium.support.events.EventFiringWebDriver.getScreenshotAs(EventFiringWebDriver.java:302)
	at com.crm.qa.util.TestUtil.takeScreenshotAtEndOfTest(TestUtil.java:22)
	at com.crm.qa.util.WebEventListener.onException(WebEventListener.java:58)
	at sun.reflect.GeneratedMethodAccessor1.invoke(Unknown Source)
	at sun.reflect.DelegatingMethodAccessorImpl.invoke(Unknown Source)
	at java.lang.reflect.Method.invoke(Unknown Source)
	at org.openqa.selenium.support.events.EventFiringWebDriver.lambda$new$0(EventFiringWebDriver.java:84)
	at com.sun.proxy.$Proxy5.onException(Unknown Source)
	at org.openqa.selenium.support.events.EventFiringWebDriver.lambda$new$1(EventFiringWebDriver.java:107)
	at com.sun.proxy.$Proxy6.getScreenshotAs(Unknown Source)
	at org.openqa.selenium.support.events.EventFiringWebDriver.getScreenshotAs(EventFiringWebDriver.java:302)
	at com.crm.qa.util.TestUtil.takeScreenshotAtEndOfTest(TestUtil.java:22)
	at com.crm.qa.util.WebEventListener.onException(WebEventListener.java:58)
	at sun.reflect.GeneratedMethodAccessor1.invoke(Unknown Source)
	at sun.reflect.DelegatingMethodAccessorImpl.invoke(Unknown Source)
	at java.lang.reflect.Method.invoke(Unknown Source)
	at org.openqa.selenium.support.events.EventFiringWebDriver.lambda$new$0(EventFiringWebDriver.java:84)
	at com.sun.proxy.$Proxy5.onException(Unknown Source)
	at org.openqa.selenium.support.events.EventFiringWebDriver.lambda$new$1(EventFiringWebDriver.java:107)
	at com.sun.proxy.$Proxy6.getScreenshotAs(Unknown Source)
	at org.openqa.selenium.support.events.EventFiringWebDriver.getScreenshotAs(EventFiringWebDriver.java:302)
	at com.crm.qa.util.TestUtil.takeScreenshotAtEndOfTest(TestUtil.java:22)
	at com.crm.qa.util.WebEventListener.onException(WebEventListener.java:58)
	at sun.reflect.GeneratedMethodAccessor1.invoke(Unknown Source)
	at sun.reflect.DelegatingMethodAccessorImpl.invoke(Unknown Source)
	at java.lang.reflect.Method.invoke(Unknown Source)
	at org.openqa.selenium.support.events.EventFiringWebDriver.lambda$new$0(EventFiringWebDriver.java:84)
	at com.sun.proxy.$Proxy5.onException(Unknown Source)
	at org.openqa.selenium.support.events.EventFiringWebDriver.lambda$new$1(EventFiringWebDriver.java:107)
	at com.sun.proxy.$Proxy6.getScreenshotAs(Unknown Source)
	at org.openqa.selenium.support.events.EventFiringWebDriver.getScreenshotAs(EventFiringWebDriver.java:302)
	at com.crm.qa.util.TestUtil.takeScreenshotAtEndOfTest(TestUtil.java:22)
	at com.crm.qa.util.WebEventListener.onException(WebEventListener.java:58)
	at sun.reflect.GeneratedMethodAccessor1.invoke(Unknown Source)
	at sun.reflect.DelegatingMethodAccessorImpl.invoke(Unknown Source)
	at java.lang.reflect.Method.invoke(Unknown Source)
	at org.openqa.selenium.support.events.EventFiringWebDriver.lambda$new$0(EventFiringWebDriver.java:84)
	at com.sun.proxy.$Proxy5.onException(Unknown Source)
	at org.openqa.selenium.support.events.EventFiringWebDriver.lambda$new$1(EventFiringWebDriver.java:107)
	at com.sun.proxy.$Proxy6.getScreenshotAs(Unknown Source)
	at org.openqa.selenium.support.events.EventFiringWebDriver.getScreenshotAs(EventFiringWebDriver.java:302)
	at com.crm.qa.util.TestUtil.takeScreenshotAtEndOfTest(TestUtil.java:22)
	at com.crm.qa.util.WebEventListener.onException(WebEventListener.java:58)
	at sun.reflect.GeneratedMethodAccessor1.invoke(Unknown Source)
	at sun.reflect.DelegatingMethodAccessorImpl.invoke(Unknown Source)
	at java.lang.reflect.Method.invoke(Unknown Source)
	at org.openqa.selenium.support.events.EventFiringWebDriver.lambda$new$0(EventFiringWebDriver.java:84)
	at com.sun.proxy.$Proxy5.onException(Unknown Source)
	at org.openqa.selenium.support.events.EventFiringWebDriver.lambda$new$1(EventFiringWebDriver.java:107)
	at com.sun.proxy.$Proxy6.getScreenshotAs(Unknown Source)
	at org.openqa.selenium.support.events.EventFiringWebDriver.getScreenshotAs(EventFiringWebDriver.java:302)
	at com.crm.qa.util.TestUtil.takeScreenshotAtEndOfTest(TestUtil.java:22)
	at com.crm.qa.util.WebEventListener.onException(WebEventListener.java:58)
	at sun.reflect.GeneratedMethodAccessor1.invoke(Unknown Source)
	at sun.reflect.DelegatingMethodAccessorImpl.invoke(Unknown Source)
	at java.lang.reflect.Method.invoke(Unknown Source)
	at org.openqa.selenium.support.events.EventFiringWebDriver.lambda$new$0(EventFiringWebDriver.java:84)
	at com.sun.proxy.$Proxy5.onException(Unknown Source)
	at org.openqa.selenium.support.events.EventFiringWebDriver.lambda$new$1(EventFiringWebDriver.java:107)
	at com.sun.proxy.$Proxy6.getScreenshotAs(Unknown Source)
	at org.openqa.selenium.support.events.EventFiringWebDriver.getScreenshotAs(EventFiringWebDriver.java:302)
	at com.crm.qa.util.TestUtil.takeScreenshotAtEndOfTest(TestUtil.java:22)
	at com.crm.qa.util.WebEventListener.onException(WebEventListener.java:58)
	at sun.reflect.GeneratedMethodAccessor1.invoke(Unknown Source)
	at sun.reflect.DelegatingMethodAccessorImpl.invoke(Unknown Source)
	at java.lang.reflect.Method.invoke(Unknown Source)
	at org.openqa.selenium.support.events.EventFiringWebDriver.lambda$new$0(EventFiringWebDriver.java:84)
	at com.sun.proxy.$Proxy5.onException(Unknown Source)
	at org.openqa.selenium.support.events.EventFiringWebDriver.lambda$new$1(EventFiringWebDriver.java:107)
	at com.sun.proxy.$Proxy6.getScreenshotAs(Unknown Source)
	at org.openqa.selenium.support.events.EventFiringWebDriver.getScreenshotAs(EventFiringWebDriver.java:302)
	at com.crm.qa.util.TestUtil.takeScreenshotAtEndOfTest(TestUtil.java:22)
	at com.crm.qa.util.WebEventListener.onException(WebEventListener.java:58)
	at sun.reflect.GeneratedMethodAccessor1.invoke(Unknown Source)
	at sun.reflect.DelegatingMethodAccessorImpl.invoke(Unknown Source)
	at java.lang.reflect.Method.invoke(Unknown Source)
	at org.openqa.selenium.support.events.EventFiringWebDriver.lambda$new$0(EventFiringWebDriver.java:84)
	at com.sun.proxy.$Proxy5.onException(Unknown Source)
	at org.openqa.selenium.support.events.EventFiringWebDriver.lambda$new$1(EventFiringWebDriver.java:107)
	at com.sun.proxy.$Proxy6.getScreenshotAs(Unknown Source)
	at org.openqa.selenium.support.events.EventFiringWebDriver.getScreenshotAs(EventFiringWebDriver.java:302)
	at com.crm.qa.util.TestUtil.takeScreenshotAtEndOfTest(TestUtil.java:22)
	at com.crm.qa.util.WebEventListener.onException(WebEventListener.java:58)
	at sun.reflect.GeneratedMethodAccessor1.invoke(Unknown Source)
	at sun.reflect.DelegatingMethodAccessorImpl.invoke(Unknown Source)
	at java.lang.reflect.Method.invoke(Unknown Source)
	at org.openqa.selenium.support.events.EventFiringWebDriver.lambda$new$0(EventFiringWebDriver.java:84)
	at com.sun.proxy.$Proxy5.onException(Unknown Source)
	at org.openqa.selenium.support.events.EventFiringWebDriver.lambda$new$1(EventFiringWebDriver.java:107)
	at com.sun.proxy.$Proxy6.getScreenshotAs(Unknown Source)
	at org.openqa.selenium.support.events.EventFiringWebDriver.getScreenshotAs(EventFiringWebDriver.java:302)
	at com.crm.qa.util.TestUtil.takeScreenshotAtEndOfTest(TestUtil.java:22)
	at com.crm.qa.util.WebEventListener.onException(WebEventListener.java:58)
	at sun.reflect.GeneratedMethodAccessor1.invoke(Unknown Source)
	at sun.reflect.DelegatingMethodAccessorImpl.invoke(Unknown Source)
	at java.lang.reflect.Method.invoke(Unknown Source)
	at org.openqa.selenium.support.events.EventFiringWebDriver.lambda$new$0(EventFiringWebDriver.java:84)
	at com.sun.proxy.$Proxy5.onException(Unknown Source)
	at org.openqa.selenium.support.events.EventFiringWebDriver.lambda$new$1(EventFiringWebDriver.java:107)
	at com.sun.proxy.$Proxy6.getScreenshotAs(Unknown Source)
	at org.openqa.selenium.support.events.EventFiringWebDriver.getScreenshotAs(EventFiringWebDriver.java:302)
	at com.crm.qa.util.TestUtil.takeScreenshotAtEndOfTest(TestUtil.java:22)
	at com.crm.qa.util.WebEventListener.onException(WebEventListener.java:58)
	at sun.reflect.GeneratedMethodAccessor1.invoke(Unknown Source)
	at sun.reflect.DelegatingMethodAccessorImpl.invoke(Unknown Source)
	at java.lang.reflect.Method.invoke(Unknown Source)
	at org.openqa.selenium.support.events.EventFiringWebDriver.lambda$new$0(EventFiringWebDriver.java:84)
	at com.sun.proxy.$Proxy5.onException(Unknown Source)
	at org.openqa.selenium.support.events.EventFiringWebDriver.lambda$new$1(EventFiringWebDriver.java:107)
	at com.sun.proxy.$Proxy6.getScreenshotAs(Unknown Source)
	at org.openqa.selenium.support.events.EventFiringWebDriver.getScreenshotAs(EventFiringWebDriver.java:302)
	at com.crm.qa.util.TestUtil.takeScreenshotAtEndOfTest(TestUtil.java:22)
	at com.crm.qa.util.WebEventListener.onException(WebEventListener.java:58)
	at sun.reflect.GeneratedMethodAccessor1.invoke(Unknown Source)
	at sun.reflect.DelegatingMethodAccessorImpl.invoke(Unknown Source)
	at java.lang.reflect.Method.invoke(Unknown Source)
	at org.openqa.selenium.support.events.EventFiringWebDriver.lambda$new$0(EventFiringWebDriver.java:84)
	at com.sun.proxy.$Proxy5.onException(Unknown Source)
	at org.openqa.selenium.support.events.EventFiringWebDriver.lambda$new$1(EventFiringWebDriver.java:107)
	at com.sun.proxy.$Proxy6.getScreenshotAs(Unknown Source)
	at org.openqa.selenium.support.events.EventFiringWebDriver.getScreenshotAs(EventFiringWebDriver.java:302)
	at com.crm.qa.util.TestUtil.takeScreenshotAtEndOfTest(TestUtil.java:22)
	at com.crm.qa.util.WebEventListener.onException(WebEventListener.java:58)
	at sun.reflect.GeneratedMethodAccessor1.invoke(Unknown Source)
	at sun.reflect.DelegatingMethodAccessorImpl.invoke(Unknown Source)
	at java.lang.reflect.Method.invoke(Unknown Source)
	at org.openqa.selenium.support.events.EventFiringWebDriver.lambda$new$0(EventFiringWebDriver.java:84)
	at com.sun.proxy.$Proxy5.onException(Unknown Source)
	at org.openqa.selenium.support.events.EventFiringWebDriver.lambda$new$1(EventFiringWebDriver.java:107)
	at com.sun.proxy.$Proxy6.getScreenshotAs(Unknown Source)
	at org.openqa.selenium.support.events.EventFiringWebDriver.getScreenshotAs(EventFiringWebDriver.java:302)
	at com.crm.qa.util.TestUtil.takeScreenshotAtEndOfTest(TestUtil.java:22)
	at com.crm.qa.util.WebEventListener.onException(WebEventListener.java:58)
	at sun.reflect.GeneratedMethodAccessor1.invoke(Unknown Source)
	at sun.reflect.DelegatingMethodAccessorImpl.invoke(Unknown Source)
	at java.lang.reflect.Method.invoke(Unknown Source)
	at org.openqa.selenium.support.events.EventFiringWebDriver.lambda$new$0(EventFiringWebDriver.java:84)
	at com.sun.proxy.$Proxy5.onException(Unknown Source)
	at org.openqa.selenium.support.events.EventFiringWebDriver.lambda$new$1(EventFiringWebDriver.java:107)
	at com.sun.proxy.$Proxy6.getScreenshotAs(Unknown Source)
	at org.openqa.selenium.support.events.EventFiringWebDriver.getScreenshotAs(EventFiringWebDriver.java:302)
	at com.crm.qa.util.TestUtil.takeScreenshotAtEndOfTest(TestUtil.java:22)
	at com.crm.qa.util.WebEventListener.onException(WebEventListener.java:58)
	at sun.reflect.GeneratedMethodAccessor1.invoke(Unknown Source)
	at sun.reflect.DelegatingMethodAccessorImpl.invoke(Unknown Source)
	at java.lang.reflect.Method.invoke(Unknown Source)
	at org.openqa.selenium.support.events.EventFiringWebDriver.lambda$new$0(EventFiringWebDriver.java:84)
	at com.sun.proxy.$Proxy5.onException(Unknown Source)
	at org.openqa.selenium.support.events.EventFiringWebDriver.lambda$new$1(EventFiringWebDriver.java:107)
	at com.sun.proxy.$Proxy6.getScreenshotAs(Unknown Source)
	at org.openqa.selenium.support.events.EventFiringWebDriver.getScreenshotAs(EventFiringWebDriver.java:302)
	at com.crm.qa.util.TestUtil.takeScreenshotAtEndOfTest(TestUtil.java:22)
	at com.crm.qa.util.WebEventListener.onException(WebEventListener.java:58)
	at sun.reflect.GeneratedMethodAccessor1.invoke(Unknown Source)
	at sun.reflect.DelegatingMethodAccessorImpl.invoke(Unknown Source)
	at java.lang.reflect.Method.invoke(Unknown Source)
	at org.openqa.selenium.support.events.EventFiringWebDriver.lambda$new$0(EventFiringWebDriver.java:84)
	at com.sun.proxy.$Proxy5.onException(Unknown Source)
	at org.openqa.selenium.support.events.EventFiringWebDriver.lambda$new$1(EventFiringWebDriver.java:107)
	at com.sun.proxy.$Proxy6.getScreenshotAs(Unknown Source)
	at org.openqa.selenium.support.events.EventFiringWebDriver.getScreenshotAs(EventFiringWebDriver.java:302)
	at com.crm.qa.util.TestUtil.takeScreenshotAtEndOfTest(TestUtil.java:22)
	at com.crm.qa.util.WebEventListener.onException(WebEventListener.java:58)
	at sun.reflect.GeneratedMethodAccessor1.invoke(Unknown Source)
	at sun.reflect.DelegatingMethodAccessorImpl.invoke(Unknown Source)
	at java.lang.reflect.Method.invoke(Unknown Source)
	at org.openqa.selenium.support.events.EventFiringWebDriver.lambda$new$0(EventFiringWebDriver.java:84)
	at com.sun.proxy.$Proxy5.onException(Unknown Source)
	at org.openqa.selenium.support.events.EventFiringWebDriver.lambda$new$1(EventFiringWebDriver.java:107)
	at com.sun.proxy.$Proxy6.getScreenshotAs(Unknown Source)
	at org.openqa.selenium.support.events.EventFiringWebDriver.getScreenshotAs(EventFiringWebDriver.java:302)
	at com.crm.qa.util.TestUtil.takeScreenshotAtEndOfTest(TestUtil.java:22)
	at com.crm.qa.util.WebEventListener.onException(WebEventListener.java:58)
	at sun.reflect.GeneratedMethodAccessor1.invoke(Unknown Source)
	at sun.reflect.DelegatingMethodAccessorImpl.invoke(Unknown Source)
	at java.lang.reflect.Method.invoke(Unknown Source)
	at org.openqa.selenium.support.events.EventFiringWebDriver.lambda$new$0(EventFiringWebDriver.java:84)
	at com.sun.proxy.$Proxy5.onException(Unknown Source)
	at org.openqa.selenium.support.events.EventFiringWebDriver.lambda$new$1(EventFiringWebDriver.java:107)
	at com.sun.proxy.$Proxy6.getScreenshotAs(Unknown Source)
	at org.openqa.selenium.support.events.EventFiringWebDriver.getScreenshotAs(EventFiringWebDriver.java:302)
	at com.crm.qa.util.TestUtil.takeScreenshotAtEndOfTest(TestUtil.java:22)
	at com.crm.qa.util.WebEventListener.onException(WebEventListener.java:58)
	at sun.reflect.GeneratedMethodAccessor1.invoke(Unknown Source)
	at sun.reflect.DelegatingMethodAccessorImpl.invoke(Unknown Source)
	at java.lang.reflect.Method.invoke(Unknown Source)
	at org.openqa.selenium.support.events.EventFiringWebDriver.lambda$new$0(EventFiringWebDriver.java:84)
	at com.sun.proxy.$Proxy5.onException(Unknown Source)
	at org.openqa.selenium.support.events.EventFiringWebDriver.lambda$new$1(EventFiringWebDriver.java:107)
	at com.sun.proxy.$Proxy6.getScreenshotAs(Unknown Source)
	at org.openqa.selenium.support.events.EventFiringWebDriver.getScreenshotAs(EventFiringWebDriver.java:302)
	at com.crm.qa.util.TestUtil.takeScreenshotAtEndOfTest(TestUtil.java:22)
	at com.crm.qa.util.WebEventListener.onException(WebEventListener.java:58)
	at sun.reflect.GeneratedMethodAccessor1.invoke(Unknown Source)
	at sun.reflect.DelegatingMethodAccessorImpl.invoke(Unknown Source)
	at java.lang.reflect.Method.invoke(Unknown Source)
	at org.openqa.selenium.support.events.EventFiringWebDriver.lambda$new$0(EventFiringWebDriver.java:84)
	at com.sun.proxy.$Proxy5.onException(Unknown Source)
	at org.openqa.selenium.support.events.EventFiringWebDriver.lambda$new$1(EventFiringWebDriver.java:107)
	at com.sun.proxy.$Proxy6.getScreenshotAs(Unknown Source)
	at org.openqa.selenium.support.events.EventFiringWebDriver.getScreenshotAs(EventFiringWebDriver.java:302)
	at com.crm.qa.util.TestUtil.takeScreenshotAtEndOfTest(TestUtil.java:22)
	at com.crm.qa.util.WebEventListener.onException(WebEventListener.java:58)
	at sun.reflect.GeneratedMethodAccessor1.invoke(Unknown Source)
	at sun.reflect.DelegatingMethodAccessorImpl.invoke(Unknown Source)
	at java.lang.reflect.Method.invoke(Unknown Source)
	at org.openqa.selenium.support.events.EventFiringWebDriver.lambda$new$0(EventFiringWebDriver.java:84)
	at com.sun.proxy.$Proxy5.onException(Unknown Source)
	at org.openqa.selenium.support.events.EventFiringWebDriver.lambda$new$1(EventFiringWebDriver.java:107)
	at com.sun.proxy.$Proxy6.getScreenshotAs(Unknown Source)
	at org.openqa.selenium.support.events.EventFiringWebDriver.getScreenshotAs(EventFiringWebDriver.java:302)
	at com.crm.qa.util.TestUtil.takeScreenshotAtEndOfTest(TestUtil.java:22)
	at com.crm.qa.util.WebEventListener.onException(WebEventListener.java:58)
	at sun.reflect.GeneratedMethodAccessor1.invoke(Unknown Source)
	at sun.reflect.DelegatingMethodAccessorImpl.invoke(Unknown Source)
	at java.lang.reflect.Method.invoke(Unknown Source)
	at org.openqa.selenium.support.events.EventFiringWebDriver.lambda$new$0(EventFiringWebDriver.java:84)
	at com.sun.proxy.$Proxy5.onException(Unknown Source)
	at org.openqa.selenium.support.events.EventFiringWebDriver.lambda$new$1(EventFiringWebDriver.java:107)
	at com.sun.proxy.$Proxy6.getScreenshotAs(Unknown Source)
	at org.openqa.selenium.support.events.EventFiringWebDriver.getScreenshotAs(EventFiringWebDriver.java:302)
	at com.crm.qa.util.TestUtil.takeScreenshotAtEndOfTest(TestUtil.java:22)
	at com.crm.qa.util.WebEventListener.onException(WebEventListener.java:58)
	at sun.reflect.GeneratedMethodAccessor1.invoke(Unknown Source)
	at sun.reflect.DelegatingMethodAccessorImpl.invoke(Unknown Source)
	at java.lang.reflect.Method.invoke(Unknown Source)
	at org.openqa.selenium.support.events.EventFiringWebDriver.lambda$new$0(EventFiringWebDriver.java:84)
	at com.sun.proxy.$Proxy5.onException(Unknown Source)
	at org.openqa.selenium.support.events.EventFiringWebDriver.lambda$new$1(EventFiringWebDriver.java:107)
	at com.sun.proxy.$Proxy6.getScreenshotAs(Unknown Source)
	at org.openqa.selenium.support.events.EventFiringWebDriver.getScreenshotAs(EventFiringWebDriver.java:302)
	at com.crm.qa.util.TestUtil.takeScreenshotAtEndOfTest(TestUtil.java:22)
	at com.crm.qa.util.WebEventListener.onException(WebEventListener.java:58)
	at sun.reflect.GeneratedMethodAccessor1.invoke(Unknown Source)
	at sun.reflect.DelegatingMethodAccessorImpl.invoke(Unknown Source)
	at java.lang.reflect.Method.invoke(Unknown Source)
	at org.openqa.selenium.support.events.EventFiringWebDriver.lambda$new$0(EventFiringWebDriver.java:84)
	at com.sun.proxy.$Proxy5.onException(Unknown Source)
	at org.openqa.selenium.support.events.EventFiringWebDriver.lambda$new$1(EventFiringWebDriver.java:107)
	at com.sun.proxy.$Proxy6.getScreenshotAs(Unknown Source)
	at org.openqa.selenium.support.events.EventFiringWebDriver.getScreenshotAs(EventFiringWebDriver.java:302)
	at com.crm.qa.util.TestUtil.takeScreenshotAtEndOfTest(TestUtil.java:22)
	at com.crm.qa.util.WebEventListener.onException(WebEventListener.java:58)
	at sun.reflect.GeneratedMethodAccessor1.invoke(Unknown Source)
	at sun.reflect.DelegatingMethodAccessorImpl.invoke(Unknown Source)
	at java.lang.reflect.Method.invoke(Unknown Source)
	at org.openqa.selenium.support.events.EventFiringWebDriver.lambda$new$0(EventFiringWebDriver.java:84)
	at com.sun.proxy.$Proxy5.onException(Unknown Source)
	at org.openqa.selenium.support.events.EventFiringWebDriver.lambda$new$1(EventFiringWebDriver.java:107)
	at com.sun.proxy.$Proxy6.getScreenshotAs(Unknown Source)
	at org.openqa.selenium.support.events.EventFiringWebDriver.getScreenshotAs(EventFiringWebDriver.java:302)
	at com.crm.qa.util.TestUtil.takeScreenshotAtEndOfTest(TestUtil.java:22)
	at com.crm.qa.util.WebEventListener.onException(WebEventListener.java:58)
	at sun.reflect.GeneratedMethodAccessor1.invoke(Unknown Source)
	at sun.reflect.DelegatingMethodAccessorImpl.invoke(Unknown Source)
	at java.lang.reflect.Method.invoke(Unknown Source)
	at org.openqa.selenium.support.events.EventFiringWebDriver.lambda$new$0(EventFiringWebDriver.java:84)
	at com.sun.proxy.$Proxy5.onException(Unknown Source)
	at org.openqa.selenium.support.events.EventFiringWebDriver.lambda$new$1(EventFiringWebDriver.java:107)
	at com.sun.proxy.$Proxy6.getScreenshotAs(Unknown Source)
	at org.openqa.selenium.support.events.EventFiringWebDriver.getScreenshotAs(EventFiringWebDriver.java:302)
	at com.crm.qa.util.TestUtil.takeScreenshotAtEndOfTest(TestUtil.java:22)
	at com.crm.qa.util.WebEventListener.onException(WebEventListener.java:58)
	at sun.reflect.GeneratedMethodAccessor1.invoke(Unknown Source)
	at sun.reflect.DelegatingMethodAccessorImpl.invoke(Unknown Source)
	at java.lang.reflect.Method.invoke(Unknown Source)
	at org.openqa.selenium.support.events.EventFiringWebDriver.lambda$new$0(EventFiringWebDriver.java:84)
	at com.sun.proxy.$Proxy5.onException(Unknown Source)
	at org.openqa.selenium.support.events.EventFiringWebDriver.lambda$new$1(EventFiringWebDriver.java:107)
	at com.sun.proxy.$Proxy6.getScreenshotAs(Unknown Source)
	at org.openqa.selenium.support.events.EventFiringWebDriver.getScreenshotAs(EventFiringWebDriver.java:302)
	at com.crm.qa.util.TestUtil.takeScreenshotAtEndOfTest(TestUtil.java:22)
	at com.crm.qa.util.WebEventListener.onException(WebEventListener.java:58)
	at sun.reflect.GeneratedMethodAccessor1.invoke(Unknown Source)
	at sun.reflect.DelegatingMethodAccessorImpl.invoke(Unknown Source)
	at java.lang.reflect.Method.invoke(Unknown Source)
	at org.openqa.selenium.support.events.EventFiringWebDriver.lambda$new$0(EventFiringWebDriver.java:84)
	at com.sun.proxy.$Proxy5.onException(Unknown Source)
	at org.openqa.selenium.support.events.EventFiringWebDriver.lambda$new$1(EventFiringWebDriver.java:107)
	at com.sun.proxy.$Proxy6.getScreenshotAs(Unknown Source)
	at org.openqa.selenium.support.events.EventFiringWebDriver.getScreenshotAs(EventFiringWebDriver.java:302)
	at com.crm.qa.util.TestUtil.takeScreenshotAtEndOfTest(TestUtil.java:22)
	at com.crm.qa.util.WebEventListener.onException(WebEventListener.java:58)
	at sun.reflect.GeneratedMethodAccessor1.invoke(Unknown Source)
	at sun.reflect.DelegatingMethodAccessorImpl.invoke(Unknown Source)
	at java.lang.reflect.Method.invoke(Unknown Source)
	at org.openqa.selenium.support.events.EventFiringWebDriver.lambda$new$0(EventFiringWebDriver.java:84)
	at com.sun.proxy.$Proxy5.onException(Unknown Source)
	at org.openqa.selenium.support.events.EventFiringWebDriver.lambda$new$1(EventFiringWebDriver.java:107)
	at com.sun.proxy.$Proxy6.getScreenshotAs(Unknown Source)
	at org.openqa.selenium.support.events.EventFiringWebDriver.getScreenshotAs(EventFiringWebDriver.java:302)
	at com.crm.qa.util.TestUtil.takeScreenshotAtEndOfTest(TestUtil.java:22)
	at com.crm.qa.util.WebEventListener.onException(WebEventListener.java:58)
	at sun.reflect.GeneratedMethodAccessor1.invoke(Unknown Source)
	at sun.reflect.DelegatingMethodAccessorImpl.invoke(Unknown Source)
	at java.lang.reflect.Method.invoke(Unknown Source)
	at org.openqa.selenium.support.events.EventFiringWebDriver.lambda$new$0(EventFiringWebDriver.java:84)
	at com.sun.proxy.$Proxy5.onException(Unknown Source)
	at org.openqa.selenium.support.events.EventFiringWebDriver.lambda$new$1(EventFiringWebDriver.java:107)
	at com.sun.proxy.$Proxy6.getScreenshotAs(Unknown Source)
	at org.openqa.selenium.support.events.EventFiringWebDriver.getScreenshotAs(EventFiringWebDriver.java:302)
	at com.crm.qa.util.TestUtil.takeScreenshotAtEndOfTest(TestUtil.java:22)
	at com.crm.qa.util.WebEventListener.onException(WebEventListener.java:58)
	at sun.reflect.GeneratedMethodAccessor1.invoke(Unknown Source)
	at sun.reflect.DelegatingMethodAccessorImpl.invoke(Unknown Source)
	at java.lang.reflect.Method.invoke(Unknown Source)
	at org.openqa.selenium.support.events.EventFiringWebDriver.lambda$new$0(EventFiringWebDriver.java:84)
	at com.sun.proxy.$Proxy5.onException(Unknown Source)
	at org.openqa.selenium.support.events.EventFiringWebDriver.lambda$new$1(EventFiringWebDriver.java:107)
	at com.sun.proxy.$Proxy6.getScreenshotAs(Unknown Source)
	at org.openqa.selenium.support.events.EventFiringWebDriver.getScreenshotAs(EventFiringWebDriver.java:302)
	at com.crm.qa.util.TestUtil.takeScreenshotAtEndOfTest(TestUtil.java:22)
	at com.crm.qa.util.WebEventListener.onException(WebEventListener.java:58)
	at sun.reflect.GeneratedMethodAccessor1.invoke(Unknown Source)
	at sun.reflect.DelegatingMethodAccessorImpl.invoke(Unknown Source)
	at java.lang.reflect.Method.invoke(Unknown Source)
	at org.openqa.selenium.support.events.EventFiringWebDriver.lambda$new$0(EventFiringWebDriver.java:84)
	at com.sun.proxy.$Proxy5.onException(Unknown Source)
	at org.openqa.selenium.support.events.EventFiringWebDriver.lambda$new$1(EventFiringWebDriver.java:107)
	at com.sun.proxy.$Proxy6.getScreenshotAs(Unknown Source)
	at org.openqa.selenium.support.events.EventFiringWebDriver.getScreenshotAs(EventFiringWebDriver.java:302)
	at com.crm.qa.util.TestUtil.takeScreenshotAtEndOfTest(TestUtil.java:22)
	at com.crm.qa.util.WebEventListener.onException(WebEventListener.java:58)
	at sun.reflect.GeneratedMethodAccessor1.invoke(Unknown Source)
	at sun.reflect.DelegatingMethodAccessorImpl.invoke(Unknown Source)
	at java.lang.reflect.Method.invoke(Unknown Source)
	at org.openqa.selenium.support.events.EventFiringWebDriver.lambda$new$0(EventFiringWebDriver.java:84)
	at com.sun.proxy.$Proxy5.onException(Unknown Source)
]]>
    </failure>
  </testcase> <!-- @BeforeMethod setUp -->
  <testcase name="@AfterMethod tearDown" time="0.0" classname="com.crm.qa.testcases.HomePageTest">
    <skipped/>
  </testcase> <!-- @AfterMethod tearDown -->
  <testcase name="validateTitle" time="0.001" classname="com.crm.qa.testcases.HomePageTest">
    <skipped/>
  </testcase> <!-- validateTitle -->
</testsuite> <!-- Default test -->
