<?xml version="1.0" encoding="UTF-8"?>
<!-- Generated by org.testng.reporters.JUnitXMLReporter -->
<testsuite hostname="ROB-PC" ignored="0" name="Command line test" tests="7" failures="0" timestamp="31 Mar 2020 01:19:37 GMT" time="128.747" errors="0">
  <testcase name="validateSuccessMessageTest" time="0.009" classname="com.crm.qa.testcases.ContactUsPageTest"/>
  <testcase name="performSearch" time="0.953" classname="com.crm.qa.testcases.HomePageTest"/>
  <testcase name="loginTest" time="3.834" classname="com.crm.qa.testcases.LoginPageTest"/>
  <testcase name="validateLoginPageTitleTests" time="0.008" classname="com.crm.qa.testcases.LoginPageTest"/>
  <testcase name="validateTitle" time="0.01" classname="com.crm.qa.testcases.SearchPageTest"/>
  <testcase name="validateTitle" time="0.006" classname="com.crm.qa.testcases.HomePageTest"/>
  <testcase name="validateImage" time="0.071" classname="com.crm.qa.testcases.HomePageTest"/>
</testsuite> <!-- Command line test -->
