<?xml version="1.0" encoding="UTF-8" ?>
<testsuite tests="7" failures="0" name="TestSuite" time="4.914" errors="0" skipped="0">
  <properties>
[...]
</properties>
  <testcase classname="com.crm.qa.testcases.ContactUsPageTest" name="validateSuccessMessageTest" time="0.031"/>
  <testcase classname="com.crm.qa.testcases.HomePageTest" name="performSearch" time="0.954"/>
  <testcase classname="com.crm.qa.testcases.LoginPageTest" name="loginTest" time="3.832"/>
  <testcase classname="com.crm.qa.testcases.LoginPageTest" name="validateLoginPageTitleTests" time="0.007"/>
  <testcase classname="com.crm.qa.testcases.SearchPageTest" name="validateTitle" time="0.011"/>
  <testcase classname="com.crm.qa.testcases.HomePageTest" name="validateTitle" time="0.007"/>
  <testcase classname="com.crm.qa.testcases.HomePageTest" name="validateImage" time="0.072"/>
</testsuite>